<?xml version="1.0" encoding="UTF-8"?>
<!-- Generated by org.testng.reporters.JUnitReportReporter -->
<testsuite hostname="RAJ" failures="0" tests="1" name="TestCases.SearchFunctionalityTest" time="17.552" errors="0" timestamp="2021-05-29T15:56:55 IST" skipped="0">
  <testcase classname="TestCases.SearchFunctionalityTest" name="searchRequestTest" time="17.552"/>
  <system-out/>
</testsuite> <!-- TestCases.SearchFunctionalityTest -->
