<?xml version="1.0" encoding="UTF-8"?>
<!-- Generated by org.testng.reporters.JUnitReportReporter -->
<testsuite hostname="RAJ" failures="0" tests="2" name="TestCases.VerifySearchPageCountTest" time="40.345" errors="0" timestamp="2021-05-29T15:51:25 IST" skipped="0">
  <testcase classname="TestCases.VerifySearchPageCountTest" name="displayPageResultCountTest" time="20.266"/>
  <system-out/>
  <testcase classname="TestCases.VerifySearchPageCountTest" name="displayPageResponseTime" time="20.079"/>
  <system-out/>
</testsuite> <!-- TestCases.VerifySearchPageCountTest -->
