<?xml version="1.0" encoding="UTF-8"?>
<!-- Generated by org.testng.reporters.JUnitReportReporter -->
<testsuite hostname="RAJ" failures="0" tests="1" name="TestCases.HomePageTest" time="11.620" errors="0" timestamp="2021-05-29T15:54:34 IST" skipped="0">
  <testcase classname="TestCases.HomePageTest" name="homePageTitleTest" time="11.620"/>
  <system-out/>
</testsuite> <!-- TestCases.HomePageTest -->
