<?xml version="1.0" encoding="UTF-8"?>
<!-- Generated by org.testng.reporters.JUnitReportReporter -->
<testsuite hostname="RAJ" failures="0" tests="1" name="TestCases.AutoSuggestiveTest" time="23.934" errors="0" timestamp="2021-05-29T15:59:56 IST" skipped="0">
  <testcase classname="TestCases.AutoSuggestiveTest" name="verifyAutoSuggestionTest" time="23.934"/>
  <system-out/>
</testsuite> <!-- TestCases.AutoSuggestiveTest -->
