<?xml version="1.0" encoding="UTF-8"?>
<!-- Generated by org.testng.reporters.JUnitReportReporter -->
<testsuite hostname="RAJ" failures="0" tests="1" name="TestCases.LoginPageTest" time="12.980" errors="0" timestamp="2021-05-29T00:15:14 IST" skipped="0">
  <testcase classname="TestCases.LoginPageTest" name="loginPageTitleTest" time="12.980"/>
  <system-out/>
</testsuite> <!-- TestCases.LoginPageTest -->
